[debug] [2025-10-22T22:45:32.913Z] ----------------------------------------------------------------------
[debug] [2025-10-22T22:45:32.917Z] Command:       C:\Program Files\nodejs\node.exe C:\Users\admin\AppData\Roaming\npm\node_modules\firebase-tools\lib\bin\firebase.js init
[debug] [2025-10-22T22:45:32.918Z] CLI Version:   14.3.1
[debug] [2025-10-22T22:45:32.918Z] Platform:      win32
[debug] [2025-10-22T22:45:32.918Z] Node Version:  v22.16.0
[debug] [2025-10-22T22:45:32.918Z] Time:          Wed Oct 22 2025 17:45:32 GMT-0500 (hora estándar de Colombia)
[debug] [2025-10-22T22:45:32.919Z] ----------------------------------------------------------------------
[debug] 
[debug] [2025-10-22T22:45:32.921Z] >>> [apiv2][query] GET https://firebase-public.firebaseio.com/cli.json [none]
[debug] [2025-10-22T22:45:32.985Z] > command requires scopes: ["email","openid","https://www.googleapis.com/auth/cloudplatformprojects.readonly","https://www.googleapis.com/auth/firebase","https://www.googleapis.com/auth/cloud-platform"]
[debug] [2025-10-22T22:45:32.986Z] > authorizing via signed-in user (mayorga.sebas100@gmail.com)
[info] 
     ######## #### ########  ######## ########     ###     ######  ########
     ##        ##  ##     ## ##       ##     ##  ##   ##  ##       ##
     ######    ##  ########  ######   ########  #########  ######  ######
     ##        ##  ##    ##  ##       ##     ## ##     ##       ## ##
     ##       #### ##     ## ######## ########  ##     ##  ######  ########

You're about to initialize a Firebase project in this directory:

  D:\005investigaciones\restauranteTentaculo\restauranteTentaculo

[debug] [2025-10-22T22:45:33.869Z] <<< [apiv2][status] GET https://firebase-public.firebaseio.com/cli.json 200
[debug] [2025-10-22T22:45:33.869Z] <<< [apiv2][body] GET https://firebase-public.firebaseio.com/cli.json {"cloudBuildErrorAfter":1594252800000,"cloudBuildWarnAfter":1590019200000,"defaultNode10After":1594252800000,"minVersion":"3.0.5","node8DeploysDisabledAfter":1613390400000,"node8RuntimeDisabledAfter":1615809600000,"node8WarnAfter":1600128000000}
[debug] [2025-10-22T22:49:15.182Z] ExitPromptError: User force closed the prompt with SIGINT
    at Interface.sigint (C:\Users\admin\AppData\Roaming\npm\node_modules\firebase-tools\node_modules\@inquirer\core\dist\commonjs\lib\create-prompt.js:100:37)
    at Interface.emit (node:events:518:28)
    at Interface.emit (node:domain:489:12)
    at [_ttyWrite] [as _ttyWrite] (node:internal/readline/interface:1128:18)
    at ReadStream.onkeypress (node:internal/readline/interface:267:20)
    at ReadStream.emit (node:events:530:35)
    at ReadStream.emit (node:domain:489:12)
    at emitKeys (node:internal/readline/utils:370:14)
    at emitKeys.next (<anonymous>)
    at ReadStream.onData (node:internal/readline/emitKeypressEvents:64:36)
[error] 
[error] Error: An unexpected error has occurred.
